<?xml version="1.0" encoding="UTF-8"?>
<!-- Generated by org.testng.reporters.JUnitXMLReporter -->
<testsuite ignored="0" hostname="Keshavaraj" failures="3" tests="4" name="Default test" time="48.706" errors="0" timestamp="2023-04-18T15:00:21 IST">
  <testcase classname="io.cucumber.testng.AbstractTestNGCucumberTests" name="runScenario" time="12.065"/>
  <testcase classname="io.cucumber.testng.AbstractTestNGCucumberTests" name="runScenario" time="10.44">
    <failure type="java.lang.AssertionError" message="null">
      <![CDATA[java.lang.AssertionError: null
at org.testng.Assert.fail(Assert.java:99)
at org.testng.Assert.fail(Assert.java:106)
at blazedemoTestPom.BlazedemoTest.validate_the_total_cost(BlazedemoTest.java:79)
at ✽.validate the total cost(file:///C:/Users/HP/git/cucumberrepository/cucumberframework/src/main/java/featureFile/Blazedemo.feature:19)
]]>
    </failure>
  </testcase> <!-- runScenario -->
  <testcase classname="io.cucumber.testng.AbstractTestNGCucumberTests" name="runScenario" time="9.943">
    <failure type="java.lang.AssertionError" message="null">
      <![CDATA[java.lang.AssertionError: null
at org.testng.Assert.fail(Assert.java:99)
at org.testng.Assert.fail(Assert.java:106)
at blazedemoTestPom.BlazedemoTest.validate_the_total_cost(BlazedemoTest.java:79)
at ✽.validate the total cost(file:///C:/Users/HP/git/cucumberrepository/cucumberframework/src/main/java/featureFile/Blazedemo.feature:19)
]]>
    </failure>
  </testcase> <!-- runScenario -->
  <testcase classname="io.cucumber.testng.AbstractTestNGCucumberTests" name="runScenario" time="11.25">
    <failure type="java.lang.AssertionError" message="null">
      <![CDATA[java.lang.AssertionError: null
at org.testng.Assert.fail(Assert.java:99)
at org.testng.Assert.fail(Assert.java:106)
at blazedemoTestPom.BlazedemoTest.validate_the_total_cost(BlazedemoTest.java:79)
at ✽.validate the total cost(file:///C:/Users/HP/git/cucumberrepository/cucumberframework/src/main/java/featureFile/Blazedemo.feature:32)
]]>
    </failure>
  </testcase> <!-- runScenario -->
</testsuite> <!-- Default test -->
