<?xml version="1.0" encoding="UTF-8"?>
<testng-results ignored="0" total="2" passed="2" failed="0" skipped="0">
  <reporter-output>
    <line>
      <![CDATA[Id=1678612581998]]>
    </line>
  </reporter-output>
  <suite started-at="2023-03-12T14:45:19 IST" name="Default suite" finished-at="2023-03-12T14:46:25 IST" duration-ms="65566">
    <groups>
      <group name="cucumber">
        <method signature="AbstractTestNGCucumberTests.runScenario(io.cucumber.testng.PickleWrapper,io.cucumber.testng.FeatureWrapper)[pri:0, instance:testRunner.BlazedemoTest1@202b0582]" name="runScenario" class="io.cucumber.testng.AbstractTestNGCucumberTests"/>
      </group> <!-- cucumber -->
    </groups>
    <test started-at="2023-03-12T14:45:19 IST" name="Default test" finished-at="2023-03-12T14:46:25 IST" duration-ms="65566">
      <class name="testRunner.BlazedemoTest1">
        <test-method is-config="true" signature="setUpClass()[pri:0, instance:testRunner.BlazedemoTest1@202b0582]" started-at="2023-03-12T14:45:19 IST" name="setUpClass" finished-at="2023-03-12T14:45:20 IST" duration-ms="507" status="PASS">
          <reporter-output>
          </reporter-output>
        </test-method> <!-- setUpClass -->
        <test-method signature="runScenario(io.cucumber.testng.PickleWrapper,io.cucumber.testng.FeatureWrapper)[pri:0, instance:testRunner.BlazedemoTest1@202b0582]" started-at="2023-03-12T14:45:20 IST" name="runScenario" description="Runs Cucumber Scenarios" data-provider="scenarios" finished-at="2023-03-12T14:45:51 IST" duration-ms="30927" status="PASS">
          <params>
            <param index="0">
              <value>
                <![CDATA["In home page validate beach link"]]>
              </value>
            </param>
            <param index="1">
              <value>
                <![CDATA["Optional[Book the flight]"]]>
              </value>
            </param>
          </params>
          <reporter-output>
          </reporter-output>
        </test-method> <!-- runScenario -->
        <test-method signature="runScenario(io.cucumber.testng.PickleWrapper,io.cucumber.testng.FeatureWrapper)[pri:0, instance:testRunner.BlazedemoTest1@202b0582]" started-at="2023-03-12T14:45:51 IST" name="runScenario" description="Runs Cucumber Scenarios" data-provider="scenarios" finished-at="2023-03-12T14:46:22 IST" duration-ms="31210" status="PASS">
          <params>
            <param index="0">
              <value>
                <![CDATA["purchase the flight by filling the form then validate confirmation page and get id"]]>
              </value>
            </param>
            <param index="1">
              <value>
                <![CDATA["Optional[Book the flight]"]]>
              </value>
            </param>
          </params>
          <reporter-output>
            <line>
              <![CDATA[Id=1678612581998]]>
            </line>
          </reporter-output>
        </test-method> <!-- runScenario -->
        <test-method is-config="true" signature="tearDownClass()[pri:0, instance:testRunner.BlazedemoTest1@202b0582]" started-at="2023-03-12T14:46:22 IST" name="tearDownClass" finished-at="2023-03-12T14:46:25 IST" duration-ms="2886" status="PASS">
          <reporter-output>
          </reporter-output>
        </test-method> <!-- tearDownClass -->
      </class> <!-- testRunner.BlazedemoTest1 -->
    </test> <!-- Default test -->
  </suite> <!-- Default suite -->
</testng-results>
